Arguments: 
  D:\virtual\install\node.exe C:\Users\iTsHakim\AppData\Roaming\npm\node_modules\@sanity\cli\vendor\yarn add sanity-plugin-dark-mode --json --non-interactive --ignore-engines --registry https://registry.npmjs.org

PATH: 
  C:\Users\iTsHakim\AppData\Roaming\npm\node_modules\vendor;C:\Users\iTsHakim;C:\Windows;C:\Windows\System32\Wbem;C:\Windows\System32\WindowsPowerShell\v1.0\;C:\Windows\System32\OpenSSH\;D:\Users\abuta\AppData\Local\Programs\Microsoft VS Code;D:\virtual\install\;D:\virtual\install\Git\cmd;C:\Users\iTsHakim\AppData\Local\Microsoft\WindowsApps;;C:\Users\iTsHakim\AppData\Local\Programs\Microsoft VS Code\bin;C:\Users\iTsHakim\AppData\Roaming\npm;C:\Program Files\heroku\bin

Yarn version: 
  1.22.10

Node version: 
  16.13.0

Platform: 
  win32 x64

Trace: 
  Error: https://registry.npmjs.org/date-fns/-/date-fns-2.27.0.tgz: ESOCKETTIMEDOUT
      at ClientRequest.<anonymous> (C:\Users\iTsHakim\AppData\Roaming\npm\node_modules\@sanity\cli\vendor\yarn:141406:19)
      at Object.onceWrapper (node:events:509:28)
      at ClientRequest.emit (node:events:390:28)
      at TLSSocket.emitRequestTimeout (node:_http_client:763:9)
      at Object.onceWrapper (node:events:509:28)
      at TLSSocket.emit (node:events:402:35)
      at TLSSocket.Socket._onTimeout (node:net:501:8)
      at listOnTimeout (node:internal/timers:557:17)
      at processTimers (node:internal/timers:500:7)

npm manifest: 
  {
  	"name": "mysanityproject",
  	"private": true,
  	"version": "1.0.0",
  	"scripts": {
  		"start": "sanity start",
  		"build": "sanity build public -y."
  	},
  	"description": "",
  	"main": "package.json",
  	"author": "Knut Melvær <knut@sanity.io>",
  	"license": "UNLICENSED",
  	"keywords": [
  		"sanity"
  	],
  	"dependencies": {
  		"@sanity/base": "^2.0.5",
  		"@sanity/components": "^2.0.5",
  		"@sanity/core": "^2.0.5",
  		"@sanity/default-layout": "^2.0.5",
  		"@sanity/default-login": "^2.0.5",
  		"@sanity/desk-tool": "^2.0.5",
  		"@sanity/vision": "^2.0.5",
  		"prop-types": "^15.6",
  		"react": "^17.0.2",
  		"react-dom": "^17.0.2",
  		"react-hook-form": "^7.3.6",
  		"sanity-plugin-asset-source-unsplash": "^0.1.3"
  	},
  	"devDependencies": {
      	"@sanity/cli": "^2.0.5"
    	}
  }

yarn manifest: 
  No manifest

Lockfile: 
  No lockfile
